#seq-id	seq-len	(xp,lc,co,n,xc)-len	cvg-by-all	sep1	tax-name-1	tax-id-1	div-1	cvg-by-div-1	cvg-by-tax-1	score-1	sep2	tax-id-2	div-2	cvg-by-div-2	cvg-by-tax-2	score-2	sep3	tax-id-3	div-3	cvg-by-div-3	cvg-by-tax-3	score-3	sep4	tax-id-4	div-4	cvg-by-div-4	cvg-by-tax-4	score-4	sep5	reserved	result	div	div_pct_cvg
NC_001814.1	9535	0,0,0,0,0	5360	|	Polygonatum kingianum virus 5	2836143	virs:eukaryotic viruses	5360	4553	106	|	12201	virs:eukaryotic viruses	5360	2741	86	|						|						|	n/a	primary-div	virs:eukaryotic viruses	56
NC_001836.1	16934	0,0,0,0,0	0	|							|						|						|						|	n/a	low-coverage	none	0
NC_001886.1	9384	0,0,0,0,0	9332	|	Oat necrotic mottle virus	112437	virs:eukaryotic viruses	9332	9317	221	|	2170240	virs:eukaryotic viruses	9332	8149	173	|						|						|	n/a	primary-div	virs:eukaryotic viruses	99
NC_003501.1	9672	0,0,0,0,0	3034	|	Wheat eqlid mosaic virus	460364	virs:eukaryotic viruses	3034	3025	83	|	1414644	virs:eukaryotic viruses	3034	2135	79	|						|						|	n/a	low-coverage	virs:eukaryotic viruses	31
NC_005136.1	9346	0,0,0,0,0	9330	|	Wheat streak mosaic virus	31741	virs:eukaryotic viruses	9330	9306	220	|	2170240	virs:eukaryotic viruses	9330	8221	171	|						|						|	n/a	primary-div	virs:eukaryotic viruses	100
NC_005903.1	9540	0,0,0,0,0	9103	|	Hordeum mosaic virus	41764	virs:eukaryotic viruses	9103	8893	186	|	1285466	virs:eukaryotic viruses	9103	3875	100	|	3018811	virs:viruses	2788	2788	82	|						|	n/a	primary-div	virs:eukaryotic viruses	95
NC_005904.1	9463	0,89,0,0,0	8994	|	Agropyron mosaic virus	41763	virs:eukaryotic viruses	8994	8889	186	|	1285466	virs:eukaryotic viruses	8994	4087	104	|						|						|	n/a	primary-div	virs:eukaryotic viruses	95
NC_007666.1	3817	0,0,0,0,0	3805	|	Fako virus	1567404	virs:viruses	3805	3805	163	|						|						|						|	n/a	primary-div	virs:viruses	100
NC_007667.1	3752	0,0,0,0,0	3740	|	Fako virus	1567404	virs:viruses	3740	3740	203	|						|						|						|	n/a	primary-div	virs:viruses	100
NC_007668.1	3732	0,0,0,0,0	3722	|	Fako virus	1567404	virs:viruses	3722	3722	186	|						|						|						|	n/a	primary-div	virs:viruses	100
NC_007669.1	3375	0,0,0,0,0	3364	|	Fako virus	1567404	virs:viruses	3364	3364	155	|						|						|						|	n/a	primary-div	virs:viruses	100
NC_007670.1	3227	0,0,0,0,0	3227	|	Fako virus	1567404	virs:viruses	3227	3227	169	|						|						|						|	n/a	primary-div	virs:viruses	100
NC_007671.1	1775	0,0,0,0,0	1764	|	Fako virus	1567404	virs:viruses	1764	1764	143	|						|						|						|	n/a	primary-div	virs:viruses	99
NC_007672.1	1171	0,0,0,0,0	1171	|	Fako virus	1567404	virs:viruses	1171	1171	127	|						|						|						|	n/a	primary-div	virs:viruses	100
NC_007673.1	1151	0,0,0,0,0	1151	|	Fako virus	1567404	virs:viruses	1151	1151	107	|						|						|						|	n/a	primary-div	virs:viruses	100
NC_007674.1	1147	0,0,0,0,0	1132	|	Fako virus	1567404	virs:viruses	1132	1132	94	|						|						|						|	n/a	primary-div	virs:viruses	99
NC_009776.1	1297538	0,1279,0,0,0	636592	|	Ignicoccus islandicus	940295	arch:archaea	625010	596039	1556	|	694429	arch:archaea	625010	71642	638	|	310769	prok:thermotogales	3781	2811	118	|	520767	prok:firmicutes	26527	3091	84	|	n/a	primary-div	arch:archaea	48
NC_009805.1	9636	0,0,0,0,0	3156	|	Wheat streak mosaic virus	31741	virs:eukaryotic viruses	3156	2831	90	|	42631	virs:eukaryotic viruses	3156	2735	79	|						|						|	n/a	low-coverage	virs:eukaryotic viruses	33
NC_012212.1	9467	0,0,0,0,0	2806	|	Beihai picorna-like virus 28	1922571	virs:viruses	2806	2806	84	|						|						|						|	n/a	low-coverage	virs:viruses	30
NC_016436.1	16404	0,0,0,0,0	0	|							|						|						|						|	n/a	low-coverage	none	0
NC_018613.1	8877	0,0,0,0,0	5821	|	Cragig virus 8	2545479	virs:viruses	5821	5449	139	|	2545481	virs:viruses	5821	4814	116	|						|						|	n/a	primary-div	virs:viruses	66
NC_022745.1	9359	0,0,0,0,0	9199	|	Wheat streak mosaic virus	31741	virs:eukaryotic viruses	9199	8819	166	|	112437	virs:eukaryotic viruses	9199	8116	159	|	2689078	prok:firmicutes	147	147	12	|						|	n/a	primary-div	virs:eukaryotic viruses	98
NC_024471.1	9292	0,0,0,0,0	9130	|	Wheat streak mosaic virus	31741	virs:eukaryotic viruses	9130	8093	172	|	112437	virs:eukaryotic viruses	9130	8198	171	|	431949	anml:insects	127	127	11	|						|	n/a	primary-div	virs:eukaryotic viruses	98
NC_025485.1	3227	0,0,0,0,0	3227	|	Aedes pseudoscutellaris reovirus	341721	virs:viruses	3227	3227	169	|						|						|						|	n/a	primary-div	virs:viruses	100
NC_025486.1	3752	0,0,0,0,0	3740	|	Aedes pseudoscutellaris reovirus	341721	virs:viruses	3740	3740	203	|						|						|						|	n/a	primary-div	virs:viruses	100
NC_025487.1	3819	0,0,0,0,0	3808	|	Aedes pseudoscutellaris reovirus	341721	virs:viruses	3808	3808	163	|						|						|						|	n/a	primary-div	virs:viruses	100
NC_025488.1	3403	0,0,0,0,0	3388	|	Aedes pseudoscutellaris reovirus	341721	virs:viruses	3388	3388	155	|						|						|						|	n/a	primary-div	virs:viruses	100
NC_025489.1	1151	0,0,0,0,0	1151	|	Aedes pseudoscutellaris reovirus	341721	virs:viruses	1151	1151	107	|						|						|						|	n/a	primary-div	virs:viruses	100
NC_025490.1	1140	0,0,0,0,0	969	|	Aedes pseudoscutellaris reovirus	341721	virs:viruses	969	969	89	|						|						|						|	n/a	primary-div	virs:viruses	85
NC_025491.1	1170	0,0,0,0,0	1170	|	Aedes pseudoscutellaris reovirus	341721	virs:viruses	1170	1170	127	|	7725	anml:basal metazoans	213	213	15	|						|						|	n/a	primary-div	virs:viruses	100
NC_025492.1	1778	0,0,0,0,0	1765	|	Aedes pseudoscutellaris reovirus	341721	virs:viruses	1765	1765	143	|						|						|						|	n/a	primary-div	virs:viruses	99
NC_025493.1	3730	0,0,0,0,0	3721	|	Aedes pseudoscutellaris reovirus	341721	virs:viruses	3721	3721	186	|						|						|						|	n/a	primary-div	virs:viruses	100
NC_027121.1	16080	0,0,0,0,0	0	|							|						|						|						|	n/a	low-coverage	none	0
NC_038321.1	9431	0,0,0,0,0	9108	|	Beihai picorna-like virus 27	1922570	virs:viruses	9108	9108	289	|	2545481	virs:viruses	9108	1985	72	|						|						|	n/a	primary-div	virs:viruses	97
NC_038421.1	16883	0,0,0,0,0	11855	|	Cordyline virus 2	1177751	virs:eukaryotic viruses	11855	11325	214	|	1177752	virs:eukaryotic viruses	11855	5337	122	|						|						|	n/a	primary-div	virs:eukaryotic viruses	70
NC_043107.1	16274	0,0,0,0,0	5180	|	Cordyline virus 2	1177751	virs:eukaryotic viruses	4935	4935	117	|	310915	anml:fishes	245	245	17	|						|						|	n/a	low-coverage	virs:eukaryotic viruses	30
NC_043108.1	14619	0,0,0,0,0	6587	|	Cordyline virus 1	937809	virs:eukaryotic viruses	6587	5688	121	|	1177752	virs:eukaryotic viruses	6587	3929	105	|						|						|	n/a	primary-div	virs:eukaryotic viruses	45
NC_043453.1	15107	0,0,0,0,0	12259	|	Cordyline virus 1	937809	virs:eukaryotic viruses	11694	11349	214	|	1177752	virs:eukaryotic viruses	11694	4921	117	|	6596	anml:molluscs	529	529	24	|	1206753	prok:CFB group bacteria	173	173	16	|	n/a	primary-div	virs:eukaryotic viruses	77
NC_055599.1	17003	0,0,0,0,0	356	|	Gossypium hirsutum	3635	plnt:plants	356	356	22	|						|						|						|	n/a	low-coverage	plnt:plants	2
NZ_CP006867.1	1394664	0,603,0,0,0	657608	|	Ignicoccus hospitalis	453591	arch:archaea	645272	601116	1557	|	694429	arch:archaea	645272	57304	580	|	1123376	prok:bacteria	13127	2585	81	|	1119529	prok:firmicutes	35761	2087	78	|	n/a	primary-div	arch:archaea	46
NZ_CP059693.1~~1..104877	104877	0,3286,0,0,0	100331	|	Thalassomonas actiniarum	485447	prok:g-proteobacteria	99829	81575	1295	|	137584	prok:g-proteobacteria	99829	83055	1004	|	2794934	prok:bacteria	11678	6908	418	|	920	prok:proteobacteria	9346	8518	393	|	n/a	primary-div	prok:g-proteobacteria	95
NZ_CP059693.1~~104878..107119	2242	0,0,0,0,0	2242	|	Microbispora sitophila	2771537	prok:high GC Gram+	2231	2231	76	|	1636152	prok:planctomycetes	1472	1472	57	|	2753775	fung:ascomycetes	308	308	21	|	2520507	prok:g-proteobacteria	135	135	14	|	n/a	same-kingdom-chimeric	prok:high GC Gram+	100
NZ_CP059693.1~~107120..3646808	3539689	0,7863,1040,0,0	3301911	|	Thalassomonas actiniarum	485447	prok:g-proteobacteria	3285660	2939998	7419	|	137584	prok:g-proteobacteria	3285660	2838708	5776	|	2794934	prok:bacteria	201326	51492	507	|	2030825	prok:a-proteobacteria	365728	44443	431	|	n/a	primary-div	prok:g-proteobacteria	93
NZ_CP059693.1~~3646809..3649623	2815	0,0,0,0,0	2089	|	Roseiflexus sp.	2562120	prok:GNS bacteria	1472	1472	64	|	72225	prok:verrucomicrobia	450	450	32	|	1909292	prok:b-proteobacteria	445	445	31	|	1436961	prok:CFB group bacteria	476	476	30	|	n/a	same-kingdom-chimeric	prok:GNS bacteria	52
NZ_CP059693.1~~3649624..6450155	2800532	0,14519,1140,0,0	2562994	|	Thalassomonas actiniarum	485447	prok:g-proteobacteria	2551084	2315176	6812	|	137584	prok:g-proteobacteria	2551084	2130771	5160	|	2794934	prok:bacteria	170681	64897	790	|	1679494	prok:CFB group bacteria	158729	8810	580	|	n/a	primary-div	prok:g-proteobacteria	91
NZ_CP059733.1	6726747	0,22805,960,0,0	6596338	|	Thalassomonas viridans	137584	prok:g-proteobacteria	6587184	5918521	17182	|	485447	prok:g-proteobacteria	6587184	5143292	7981	|	2794934	prok:bacteria	390188	134279	985	|	260710	prok:spirochetes	45118	25135	774	|	n/a	primary-div	prok:g-proteobacteria	98
NZ_CP059734.1~~1..340968	340968	0,1789,0,0,0	295176	|	Thalassomonas viridans	137584	prok:g-proteobacteria	290853	236670	3432	|	485447	prok:g-proteobacteria	290853	147625	1080	|	1679494	prok:CFB group bacteria	8766	1740	244	|	1603606	prok:d-proteobacteria	19114	3990	238	|	n/a	primary-div	prok:g-proteobacteria	85
NZ_CP059734.1~~340969..343273	2305	0,0,0,0,0	2001	|	Planctomonas psychrotolerans	2528712	prok:high GC Gram+	1256	1256	53	|	314281	prok:g-proteobacteria	603	471	36	|	2725557	prok:b-proteobacteria	562	562	36	|	2607821	prok:cyanobacteria	452	422	34	|	n/a	same-kingdom-chimeric	prok:high GC Gram+	54
NZ_CP059734.1~~343274..1218661	875388	0,705,0,0,0	832948	|	Thalassomonas viridans	137584	prok:g-proteobacteria	830482	750498	6094	|	485447	prok:g-proteobacteria	830482	276252	1469	|	44576	prok:b-proteobacteria	50890	5964	132	|	2917717	prok:a-proteobacteria	48981	5378	129	|	n/a	primary-div	prok:g-proteobacteria	95
NZ_CP059735.1	6556942	0,24383,580,0,0	6371543	|	Thalassomonas actiniarum	485447	prok:g-proteobacteria	6360244	5408780	16436	|	137584	prok:g-proteobacteria	6360244	5064498	7897	|	2794934	prok:bacteria	382827	115828	983	|	1679494	prok:CFB group bacteria	296593	16475	776	|	n/a	primary-div	prok:g-proteobacteria	97
NZ_CP059736.1	937696	0,2327,0,0,0	888417	|	Thalassomonas actiniarum	485447	prok:g-proteobacteria	887146	730606	5997	|	137584	prok:g-proteobacteria	887146	393761	1785	|	1679494	prok:CFB group bacteria	39231	1645	250	|	1603606	prok:d-proteobacteria	64712	4243	239	|	n/a	primary-div	prok:g-proteobacteria	95
NZ_CP069620.1	3509958	0,4198,460,0,0	3390546	|	Salinimicrobium terrae	1123234	prok:CFB group bacteria	3384576	2636834	4344	|	2722702	prok:CFB group bacteria	3384576	2469476	4226	|	3016437	prok:cyanobacteria	59255	9812	610	|	1302730	prok:bacteria	308779	46776	391	|	n/a	primary-div	prok:CFB group bacteria	96
